{
  "RSpec": {
    "coverage": {
      "/Users/Pauline/Documents/projects/MessageAppNEW/app.rb": [
        1,
        1,
        1,
        null,
        1,
        1,
        null,
        1,
        16,
        16,
        null,
        null,
        1,
        4,
        4,
        null,
        null,
        1,
        1,
        1,
        null,
        null,
        1,
        1,
        1,
        null,
        null,
        1,
        1,
        1,
        1,
        null,
        null,
        1,
        7,
        7,
        null,
        null,
        1,
        null
      ],
      "/Users/Pauline/Documents/projects/MessageAppNEW/lib/message.rb": [
        1,
        1,
        null
      ],
      "/Users/Pauline/Documents/projects/MessageAppNEW/spec/features/visit_edit_spec.rb": [
        1,
        1,
        1,
        1,
        1,
        1,
        1,
        1,
        1,
        null,
        null,
        1,
        1,
        1,
        1,
        1,
        1,
        1,
        1,
        1,
        1,
        1,
        1,
        1,
        null,
        null
      ],
      "/Users/Pauline/Documents/projects/MessageAppNEW/spec/features/visit_homepage_spec.rb": [
        1,
        1,
        1,
        1,
        null,
        null,
        1,
        1,
        1,
        1,
        1,
        1,
        1,
        1,
        null,
        null,
        1,
        1,
        1,
        1,
        1,
        1,
        1,
        1,
        1,
        1,
        1,
        1,
        null,
        null
      ],
      "/Users/Pauline/Documents/projects/MessageAppNEW/spec/features/visit_message_spec.rb": [
        1,
        1,
        null,
        1,
        1,
        1,
        1,
        1,
        1,
        1,
        null,
        null,
        1,
        1,
        1,
        1,
        1,
        1,
        1,
        1,
        1,
        null,
        null
      ],
      "/Users/Pauline/Documents/projects/MessageAppNEW/spec/unit/message_spec.rb": [
        1,
        1,
        null,
        1,
        1,
        2,
        null,
        null,
        3,
        null,
        1,
        1,
        1,
        null,
        null,
        null,
        1,
        1,
        1,
        null,
        null,
        null
      ]
    },
    "timestamp": 1546773676
  }
}
